<?xml version='1.0' encoding='UTF-8'?>
<testsuite hostname="MBP-samtheisens.local" name="nl.vandebron.api.invoices.routes.InvoiceRouteSpecs" tests="9" errors="0" failures="1" skipped="0" time="2.385" timestamp="2023-02-14T14:24:15">
          <properties>
[...]
</properties>
          <testcase classname="nl.vandebron.api.invoices.routes.InvoiceRouteSpecs" name="Invoice routes should serve all invoices if user user owns organization" time="1.909">

                    </testcase><testcase classname="nl.vandebron.api.invoices.routes.InvoiceRouteSpecs" name="Invoice routes should create payment plan" time="0.03">

                    </testcase><testcase classname="nl.vandebron.api.invoices.routes.InvoiceRouteSpecs" name="Invoice routes should serve invoices summary" time="0.011">

                    </testcase><testcase classname="nl.vandebron.api.invoices.routes.InvoiceRouteSpecs" name="Invoice routes should filter on queried type and honour contract" time="0.179">

                    </testcase><testcase classname="nl.vandebron.api.invoices.routes.InvoiceRouteSpecs" name="Invoice routes should serve invoices for specified invoice types" time="0.176">

                    </testcase><testcase classname="nl.vandebron.api.invoices.routes.InvoiceRouteSpecs" name="Invoice routes should refuse to serve invoices if user reference in path does not match token" time="0.021">

                    </testcase><testcase classname="nl.vandebron.api.invoices.routes.InvoiceRouteSpecs" name="Invoice routes should refuse request without filter" time="0.013">

                    </testcase><testcase classname="nl.vandebron.api.invoices.routes.InvoiceRouteSpecs" name="Invoice routes should use proper headers when returning a PDF invoice" time="0.021">

                    </testcase><testcase classname="nl.vandebron.api.invoices.routes.InvoiceRouteSpecs" name="Invoice routes should GET '/api/v1/organizations/{customerReference}/invoices/{invoiceId}' should return a 200 with invoice details" time="0.025">
                      <failure message="json response from /api/v1/organizations/2001683/invoices/74106ec1-cc47-44a4-93c6-44233cfc6f02.json not matching:
Added: {
  &quot;rows&quot;:{
    &quot;rowId&quot;:&quot;87a9cb21-ae05-495b-960d-a99e0101937d&quot;
  }
}
  Removed: {
  &quot;rows&quot;:{
    &quot;rowIdt&quot;:&quot;87a9cb21-ae05-495b-960d-a99e0101937d&quot;
  }
}

" type="org.scalatest.exceptions.TestFailedException">org.scalatest.exceptions.TestFailedException: json response from /api/v1/organizations/2001683/invoices/74106ec1-cc47-44a4-93c6-44233cfc6f02.json not matching:
Added: {
  &quot;rows&quot;:{
    &quot;rowId&quot;:&quot;87a9cb21-ae05-495b-960d-a99e0101937d&quot;
  }
}
  Removed: {
  &quot;rows&quot;:{
    &quot;rowIdt&quot;:&quot;87a9cb21-ae05-495b-960d-a99e0101937d&quot;
  }
}


	at org.scalatest.matchers.MatchersHelper$.indicateFailure(MatchersHelper.scala:392)
	at org.scalatest.matchers.should.Matchers$ShouldMethodHelperClass.shouldMatcher(Matchers.scala:7304)
	at org.scalatest.matchers.should.Matchers$AnyShouldWrapper.should(Matchers.scala:7347)
	at nl.vandebron.api.invoices.routes.InvoiceRouteSpecs$$anon$12.$anonfun$new$23(InvoiceRouteSpecs.scala:231)
	at scala.util.DynamicVariable.withValue(DynamicVariable.scala:62)
	at akka.http.scaladsl.testkit.RouteTest.$anonfun$check$1(RouteTest.scala:61)
	at akka.http.scaladsl.testkit.RouteTestResultComponent$RouteTestResult.$tilde$greater(RouteTestResultComponent.scala:56)
	at nl.vandebron.api.invoices.routes.InvoiceRouteSpecs$$anon$12.&lt;init&gt;(InvoiceRouteSpecs.scala:227)
	at nl.vandebron.api.invoices.routes.InvoiceRouteSpecs.$anonfun$new$22(InvoiceRouteSpecs.scala:217)
</failure>
                    </testcase>
          <system-out><![CDATA[]]></system-out>
          <system-err><![CDATA[]]></system-err>
        </testsuite>
