<?xml version='1.0' encoding='UTF-8'?>
<testsuite hostname="MBP-samtheisens.local" name="nl.vandebron.api.invoices.services.InvoiceOrchestratorSpecs" tests="24" errors="0" failures="0" skipped="0" time="1.673" timestamp="2023-02-14T14:24:15">
          <properties>
[...]
</properties>
          <testcase classname="nl.vandebron.api.invoices.services.InvoiceOrchestratorSpecs" name="Invoice orchestrator should Return the stream of incoming data when downloading a PDF file" time="0.896">

                    </testcase><testcase classname="nl.vandebron.api.invoices.services.InvoiceOrchestratorSpecs" name="Invoice orchestrator should Filter invoices by type" time="0.299">

                    </testcase><testcase classname="nl.vandebron.api.invoices.services.InvoiceOrchestratorSpecs" name="Invoice orchestrator should Enrich ecedo producer invoices with BusinessCentral vendor invoices" time="0.054">

                    </testcase><testcase classname="nl.vandebron.api.invoices.services.InvoiceOrchestratorSpecs" name="Invoice orchestrator should Enrich ecedo invoice with BusinessCentral data for roles EV and CONSUMER" time="0.04">

                    </testcase><testcase classname="nl.vandebron.api.invoices.services.InvoiceOrchestratorSpecs" name="Invoice orchestrator should getInvoicesSummary should Generate invoices summary from ecedo data with multiple rows" time="0.071">

                    </testcase><testcase classname="nl.vandebron.api.invoices.services.InvoiceOrchestratorSpecs" name="Invoice orchestrator should getInvoicesSummary should Generate invoices summary from ecedo data with a single row" time="0.022">

                    </testcase><testcase classname="nl.vandebron.api.invoices.services.InvoiceOrchestratorSpecs" name="Invoice orchestrator should getInvoicesSummary should Return a 404 error if ecedo returns an empty list for InvoiceRowsTotals" time="0.023">

                    </testcase><testcase classname="nl.vandebron.api.invoices.services.InvoiceOrchestratorSpecs" name="Invoice orchestrator should getInvoicesSummary should Return a 404 error if total usage is zero" time="0.022">

                    </testcase><testcase classname="nl.vandebron.api.invoices.services.InvoiceOrchestratorSpecs" name="Invoice orchestrator should toMWH should convert KWh to MWh" time="0.001">

                    </testcase><testcase classname="nl.vandebron.api.invoices.services.InvoiceOrchestratorSpecs" name="Invoice orchestrator should toMWH should convert Wh to MWh" time="0.0">

                    </testcase><testcase classname="nl.vandebron.api.invoices.services.InvoiceOrchestratorSpecs" name="Invoice orchestrator should toMWH should do not change value for MWh" time="0.0">

                    </testcase><testcase classname="nl.vandebron.api.invoices.services.InvoiceOrchestratorSpecs" name="Invoice orchestrator should toMWH should return a left for unknown unit" time="0.0">

                    </testcase><testcase classname="nl.vandebron.api.invoices.services.InvoiceOrchestratorSpecs" name="Invoice orchestrator should toInvoiceDto should set paymentProcessing as true when both maybeOpen and PPEntryPresent are true" time="0.015">

                    </testcase><testcase classname="nl.vandebron.api.invoices.services.InvoiceOrchestratorSpecs" name="Invoice orchestrator should zipMaps should merge two maps" time="0.001">

                    </testcase><testcase classname="nl.vandebron.api.invoices.services.InvoiceOrchestratorSpecs" name="Invoice orchestrator should embedSubInvoicesInParent should return None for empty arrays" time="0.0">

                    </testcase><testcase classname="nl.vandebron.api.invoices.services.InvoiceOrchestratorSpecs" name="Invoice orchestrator should embedSubInvoicesInParent should return only parent for one invoice" time="0.015">

                    </testcase><testcase classname="nl.vandebron.api.invoices.services.InvoiceOrchestratorSpecs" name="Invoice orchestrator should embedSubInvoicesInParent should separate parent and sort children" time="0.028">

                    </testcase><testcase classname="nl.vandebron.api.invoices.services.InvoiceOrchestratorSpecs" name="Invoice orchestrator should createPaymentPlan should accept requests with valid payload" time="0.023">

                    </testcase><testcase classname="nl.vandebron.api.invoices.services.InvoiceOrchestratorSpecs" name="Invoice orchestrator should createPaymentPlan should reject requests with invalid numberOfMonths" time="0.026">

                    </testcase><testcase classname="nl.vandebron.api.invoices.services.InvoiceOrchestratorSpecs" name="Invoice orchestrator should getPaymentPlanStartDate should set start date as 18th of the coming month" time="0.0">

                    </testcase><testcase classname="nl.vandebron.api.invoices.services.InvoiceOrchestratorSpecs" name="Invoice orchestrator should getInvoiceDataSet should return a result when it exists in Ecedo" time="0.025">

                    </testcase><testcase classname="nl.vandebron.api.invoices.services.InvoiceOrchestratorSpecs" name="Invoice orchestrator should getInvoiceDataSet should return a 404 when invoice has different company label id Ecedo" time="0.021">

                    </testcase><testcase classname="nl.vandebron.api.invoices.services.InvoiceOrchestratorSpecs" name="Invoice orchestrator should getInvoiceDataSet should return a 404 when invoice doesn't exist in Ecedo" time="0.058">

                    </testcase><testcase classname="nl.vandebron.api.invoices.services.InvoiceOrchestratorSpecs" name="Invoice orchestrator should getInvoiceDataSet should return a 404 when organization doesn't exist in Ecedo" time="0.033">

                    </testcase>
          <system-out><![CDATA[]]></system-out>
          <system-err><![CDATA[]]></system-err>
        </testsuite>
